<?xml version="1.0" encoding="UTF-8"?>
<!-- Generated by org.testng.reporters.JUnitReportReporter -->
<testsuite hostname="DESKTOP-V1HKGV4" failures="0" tests="2" name="testNGFlags.DependsOnMethodFlag5" time="0.018" errors="0" timestamp="2023-05-26T11:06:57 IST" skipped="0">
  <testcase classname="testNGFlags.DependsOnMethodFlag5" name="loginmethod" time="0.014"/>
  <system-out>
    <![CDATA[login performed]]>
  </system-out>
  <testcase classname="testNGFlags.DependsOnMethodFlag5" name="createuser" time="0.004"/>
  <system-out>
    <![CDATA[ user created]]>
  </system-out>
</testsuite> <!-- testNGFlags.DependsOnMethodFlag5 -->
