<?xml version="1.0" encoding="UTF-8"?>
<!-- Generated by org.testng.reporters.JUnitReportReporter -->
<testsuite hostname="DESKTOP-V1HKGV4" failures="0" tests="3" name="TestNGpack2.DemoTest3" time="0.009" errors="0" timestamp="2023-05-23T19:21:09 IST" skipped="0">
  <testcase classname="TestNGpack2.DemoTest3" name="h" time="0.001"/>
  <system-out>
    <![CDATA[h method from DemoTest3]]>
  </system-out>
  <testcase classname="TestNGpack2.DemoTest3" name="i" time="0.002"/>
  <system-out>
    <![CDATA[i method from DemoTest3]]>
  </system-out>
  <testcase classname="TestNGpack2.DemoTest3" name="g" time="0.006"/>
  <system-out>
    <![CDATA[g method From DemoTest3]]>
  </system-out>
</testsuite> <!-- TestNGpack2.DemoTest3 -->
