<?xml version="1.0" encoding="UTF-8"?>
<!-- Generated by org.testng.reporters.JUnitReportReporter -->
<testsuite hostname="DESKTOP-V1HKGV4" failures="0" tests="7" name="testNGFlags.PriorityFlag4" time="0.030" errors="0" timestamp="2023-05-26T10:39:51 IST" skipped="0">
  <testcase classname="testNGFlags.PriorityFlag4" name="n" time="0.005"/>
  <system-out>
    <![CDATA[n method]]>
  </system-out>
  <testcase classname="testNGFlags.PriorityFlag4" name="a" time="0.012"/>
  <system-out>
    <![CDATA[a method]]>
  </system-out>
  <testcase classname="testNGFlags.PriorityFlag4" name="m" time="0.003"/>
  <system-out>
    <![CDATA[m method]]>
  </system-out>
  <testcase classname="testNGFlags.PriorityFlag4" name="g" time="0.003"/>
  <system-out>
    <![CDATA[g method]]>
  </system-out>
  <testcase classname="testNGFlags.PriorityFlag4" name="f" time="0.003"/>
  <system-out>
    <![CDATA[f method]]>
  </system-out>
  <testcase classname="testNGFlags.PriorityFlag4" name="k" time="0.002"/>
  <system-out>
    <![CDATA[k method]]>
  </system-out>
  <testcase classname="testNGFlags.PriorityFlag4" name="b" time="0.002"/>
  <system-out>
    <![CDATA[b method]]>
  </system-out>
</testsuite> <!-- testNGFlags.PriorityFlag4 -->
