<?xml version="1.0" encoding="UTF-8"?>
<!-- Generated by org.testng.reporters.JUnitReportReporter -->
<testsuite hostname="DESKTOP-V1HKGV4" failures="0" tests="1" name="TestNGpack2.Test3" time="5.165" errors="0" timestamp="2023-05-23T19:18:12 IST" skipped="0">
  <testcase classname="TestNGpack2.Test3" name="test3Method" time="5.165"/>
  <system-out/>
</testsuite> <!-- TestNGpack2.Test3 -->
