<?xml version="1.0" encoding="UTF-8"?>
<!-- Generated by org.testng.reporters.JUnitReportReporter -->
<testsuite hostname="DESKTOP-V1HKGV4" failures="0" tests="2" name="testNGFlags.EnabledFlag2" time="0.012" errors="0" timestamp="2023-05-26T10:09:34 IST" skipped="1">
  <testcase classname="testNGFlags.EnabledFlag2" name="method2" time="0.012"/>
  <system-out>
    <![CDATA[login performed]]>
  </system-out>
  <testcase classname="testNGFlags.EnabledFlag2" name="method1">
    <skipped/>
  </testcase> <!-- method1 -->
  <system-out/>
</testsuite> <!-- testNGFlags.EnabledFlag2 -->
