<?xml version="1.0" encoding="UTF-8"?>
<!-- Generated by org.testng.reporters.JUnitReportReporter -->
<testsuite hostname="DESKTOP-V1HKGV4" failures="0" tests="6" name="testNGFlags.GroupsFlag7" time="0.040" errors="0" timestamp="2023-05-27T10:30:02 IST" skipped="0">
  <testcase classname="testNGFlags.GroupsFlag7" name="it2" time="0.007"/>
  <system-out>
    <![CDATA[IT2]]>
  </system-out>
  <testcase classname="testNGFlags.GroupsFlag7" name="it4" time="0.006"/>
  <system-out>
    <![CDATA[IT4]]>
  </system-out>
  <testcase classname="testNGFlags.GroupsFlag7" name="it1" time="0.011"/>
  <system-out>
    <![CDATA[IT1]]>
  </system-out>
  <testcase classname="testNGFlags.GroupsFlag7" name="it3" time="0.006"/>
  <system-out>
    <![CDATA[IT3]]>
  </system-out>
  <testcase classname="testNGFlags.GroupsFlag7" name="it5" time="0.006"/>
  <system-out>
    <![CDATA[IT5]]>
  </system-out>
  <testcase classname="testNGFlags.GroupsFlag7" name="it6" time="0.004"/>
  <system-out>
    <![CDATA[IT6]]>
  </system-out>
</testsuite> <!-- testNGFlags.GroupsFlag7 -->
