<?xml version="1.0" encoding="UTF-8"?>
<!-- Generated by org.testng.reporters.JUnitReportReporter -->
<testsuite hostname="DESKTOP-V1HKGV4" failures="0" tests="2" name="parallelExecution.MethodExecution" time="0.030" errors="0" timestamp="2023-05-24T11:04:14 IST" skipped="0">
  <testcase classname="parallelExecution.MethodExecution" name="method1" time="0.015"/>
  <system-out>
    <![CDATA[17: is the thread id of method
method1]]>
  </system-out>
  <testcase classname="parallelExecution.MethodExecution" name="method2" time="0.015"/>
  <system-out>
    <![CDATA[18: is the thread id of method
method2]]>
  </system-out>
</testsuite> <!-- parallelExecution.MethodExecution -->
