<?xml version="1.0" encoding="UTF-8"?>
<!-- Generated by org.testng.reporters.JUnitReportReporter -->
<testsuite hostname="DESKTOP-V1HKGV4" failures="0" tests="3" name="testNGAnnotations.GoogleSearchTestcase" time="50.002" errors="0" timestamp="2023-05-23T18:56:40 IST" skipped="0">
  <testcase classname="testNGAnnotations.GoogleSearchTestcase" name="search2" time="31.286"/>
  <system-out/>
  <testcase classname="testNGAnnotations.GoogleSearchTestcase" name="search1" time="6.924"/>
  <system-out/>
  <testcase classname="testNGAnnotations.GoogleSearchTestcase" name="serach3" time="11.792"/>
  <system-out/>
</testsuite> <!-- testNGAnnotations.GoogleSearchTestcase -->
