<?xml version="1.0" encoding="UTF-8"?>
<!-- Generated by org.testng.reporters.JUnitReportReporter -->
<testsuite hostname="DESKTOP-V1HKGV4" failures="0" tests="1" name="testNGpackage.Sumo" time="0.012" errors="0" timestamp="2023-05-23T09:57:55 IST" skipped="0">
  <testcase classname="testNGpackage.Sumo" name="sumo" time="0.012"/>
  <system-out>
    <![CDATA[where is selenium]]>
  </system-out>
</testsuite> <!-- testNGpackage.Sumo -->
