<?xml version="1.0" encoding="UTF-8"?>
<!-- Generated by org.testng.reporters.JUnitReportReporter -->
<testsuite hostname="DESKTOP-V1HKGV4" failures="0" tests="3" name="TestNGpack2.DemoTest2" time="0.010" errors="0" timestamp="2023-05-23T19:21:09 IST" skipped="0">
  <testcase classname="TestNGpack2.DemoTest2" name="f" time="0.005"/>
  <system-out>
    <![CDATA[f method From DemoTest2]]>
  </system-out>
  <testcase classname="TestNGpack2.DemoTest2" name="f1" time="0.003"/>
  <system-out>
    <![CDATA[f1 method From DemoTest2]]>
  </system-out>
  <testcase classname="TestNGpack2.DemoTest2" name="e" time="0.002"/>
  <system-out>
    <![CDATA[e method From DemoTest2]]>
  </system-out>
</testsuite> <!-- TestNGpack2.DemoTest2 -->
