<?xml version="1.0" encoding="UTF-8"?>
<!-- Generated by org.testng.reporters.JUnitReportReporter -->
<testsuite hostname="DESKTOP-V1HKGV4" failures="0" tests="1" name="testNGpackage.Demo" time="0.002" errors="0" timestamp="2023-05-23T09:57:55 IST" skipped="0">
  <testcase classname="testNGpackage.Demo" name="f" time="0.002"/>
  <system-out>
    <![CDATA[Hii TestNG!!!]]>
  </system-out>
</testsuite> <!-- testNGpackage.Demo -->
