<?xml version="1.0" encoding="UTF-8"?>
<!-- Generated by org.testng.reporters.JUnitReportReporter -->
<testsuite hostname="DESKTOP-V1HKGV4" failures="0" tests="1" name="TestNGpack2.Test2" time="5.366" errors="0" timestamp="2023-05-23T19:18:12 IST" skipped="0">
  <testcase classname="TestNGpack2.Test2" name="test2Method" time="5.366"/>
  <system-out/>
</testsuite> <!-- TestNGpack2.Test2 -->
