<?xml version="1.0" encoding="UTF-8"?>
<!-- Generated by org.testng.reporters.JUnitReportReporter -->
<testsuite hostname="DESKTOP-V1HKGV4" failures="0" tests="1" name="parallelExecution.Test3" time="11.465" errors="0" timestamp="2023-05-24T10:02:25 IST" skipped="0">
  <testcase classname="parallelExecution.Test3" name="test3Method" time="11.465"/>
  <system-out/>
</testsuite> <!-- parallelExecution.Test3 -->
